#
# There is insufficient memory for the Java Runtime Environment to continue.
# Native memory allocation (malloc) failed to allocate 32744 bytes for ChunkPool::allocate
# Possible reasons:
#   The system is out of physical RAM or swap space
#   The process is running with CompressedOops enabled, and the Java Heap may be blocking the growth of the native heap
# Possible solutions:
#   Reduce memory load on the system
#   Increase physical memory or swap space
#   Check if swap backing store is full
#   Decrease Java heap size (-Xmx/-Xms)
#   Decrease number of Java threads
#   Decrease Java thread stack sizes (-Xss)
#   Set larger code cache with -XX:ReservedCodeCacheSize=
#   JVM is running with Unscaled Compressed Oops mode in which the Java heap is
#     placed in the first 4GB address space. The Java Heap base address is the
#     maximum limit for the native heap growth. Please use -XX:HeapBaseMinAddress
#     to set the Java Heap base and to place the Java Heap above 4GB virtual address.
# This output file may be truncated or incomplete.
#
#  Out of Memory Error (arena.cpp:78), pid=18768, tid=2868
#
# JRE version: Java(TM) SE Runtime Environment (17.0.8+9) (build 17.0.8+9-LTS-211)
# Java VM: Java HotSpot(TM) 64-Bit Server VM (17.0.8+9-LTS-211, mixed mode, sharing, tiered, compressed oops, compressed class ptrs, g1 gc, windows-amd64)
# No core dump will be written. Minidumps are not enabled by default on client versions of Windows
#

---------------  S U M M A R Y ------------

Command Line: com.mycompany.jsondiff.Principal

Host: Intel(R) Core(TM) i3-1005G1 CPU @ 1.20GHz, 4 cores, 3G,  Windows 11 , 64 bit Build 22621 (10.0.22621.3235)
Time: Tue Mar 26 17:26:20 2024 Hora oficial do Brasil elapsed time: 11.091856 seconds (0d 0h 0m 11s)

---------------  T H R E A D  ---------------

Current thread (0x000001def6106580):  JavaThread "C1 CompilerThread0" daemon [_thread_in_native, id=2868, stack(0x000000148ca00000,0x000000148cb00000)]


Current CompileTask:
C1:  11091  427       3       java.net.URLStreamHandler::parseURL (1201 bytes)

Stack: [0x000000148ca00000,0x000000148cb00000]
Native frames: (J=compiled Java code, j=interpreted, Vv=VM code, C=native code)
V  [jvm.dll+0x677d0a]
V  [jvm.dll+0x7d8c54]
V  [jvm.dll+0x7da3fe]
V  [jvm.dll+0x7daa63]
V  [jvm.dll+0x245c5f]
V  [jvm.dll+0xaacc0]
V  [jvm.dll+0xab00c]
V  [jvm.dll+0x15eddd]
V  [jvm.dll+0x16b128]
V  [jvm.dll+0x16b22b]
V  [jvm.dll+0x1609c1]
V  [jvm.dll+0x15d95e]
V  [jvm.dll+0x14bba0]
V  [jvm.dll+0x134cf7]
V  [jvm.dll+0x13468f]
V  [jvm.dll+0x1348c8]
V  [jvm.dll+0x133d61]
V  [jvm.dll+0x135a0d]
V  [jvm.dll+0x2270be]
V  [jvm.dll+0x22535b]
V  [jvm.dll+0x78e7bc]
V  [jvm.dll+0x788bba]
V  [jvm.dll+0x676b35]
C  [ucrtbase.dll+0x29363]
C  [KERNEL32.DLL+0x1257d]
C  [ntdll.dll+0x5aa58]


---------------  P R O C E S S  ---------------

Threads class SMR info:
_java_thread_list=0x000001def63251d0, length=12, elements={
0x000001dee9ff5360, 0x000001deea0b4d30, 0x000001deea0b58e0, 0x000001def60f99c0,
0x000001def60fc580, 0x000001def6100f50, 0x000001def6101900, 0x000001def61025e0,
0x000001def6106580, 0x000001def6106f70, 0x000001def6364860, 0x000001def6366960
}

Java Threads: ( => current thread )
  0x000001dee9ff5360 JavaThread "main" [_thread_in_Java, id=8364, stack(0x000000148bc00000,0x000000148bd00000)]
  0x000001deea0b4d30 JavaThread "Reference Handler" daemon [_thread_blocked, id=13152, stack(0x000000148c300000,0x000000148c400000)]
  0x000001deea0b58e0 JavaThread "Finalizer" daemon [_thread_blocked, id=4864, stack(0x000000148c400000,0x000000148c500000)]
  0x000001def60f99c0 JavaThread "Signal Dispatcher" daemon [_thread_blocked, id=8336, stack(0x000000148c500000,0x000000148c600000)]
  0x000001def60fc580 JavaThread "Attach Listener" daemon [_thread_blocked, id=13136, stack(0x000000148c600000,0x000000148c700000)]
  0x000001def6100f50 JavaThread "Service Thread" daemon [_thread_blocked, id=13608, stack(0x000000148c700000,0x000000148c800000)]
  0x000001def6101900 JavaThread "Monitor Deflation Thread" daemon [_thread_blocked, id=15904, stack(0x000000148c800000,0x000000148c900000)]
  0x000001def61025e0 JavaThread "C2 CompilerThread0" daemon [_thread_blocked, id=20308, stack(0x000000148c900000,0x000000148ca00000)]
=>0x000001def6106580 JavaThread "C1 CompilerThread0" daemon [_thread_in_native, id=2868, stack(0x000000148ca00000,0x000000148cb00000)]
  0x000001def6106f70 JavaThread "Sweeper thread" daemon [_thread_blocked, id=18356, stack(0x000000148cb00000,0x000000148cc00000)]
  0x000001def6364860 JavaThread "Notification Thread" daemon [_thread_blocked, id=14560, stack(0x000000148cc00000,0x000000148cd00000)]
  0x000001def6366960 JavaThread "Common-Cleaner" daemon [_thread_blocked, id=19140, stack(0x000000148ce00000,0x000000148cf00000)]

Other Threads:
  0x000001deea0ae280 VMThread "VM Thread" [stack: 0x000000148c200000,0x000000148c300000] [id=19292]
  0x000001deea0b8e70 WatcherThread [stack: 0x000000148cd00000,0x000000148ce00000] [id=3904]
  0x000001deea030060 GCTaskThread "GC Thread#0" [stack: 0x000000148bd00000,0x000000148be00000] [id=12908]
  0x000001deea039870 ConcurrentGCThread "G1 Main Marker" [stack: 0x000000148be00000,0x000000148bf00000] [id=4600]
  0x000001deea03aa20 ConcurrentGCThread "G1 Conc#0" [stack: 0x000000148bf00000,0x000000148c000000] [id=15548]
  0x000001deea077ad0 ConcurrentGCThread "G1 Refine#0" [stack: 0x000000148c000000,0x000000148c100000] [id=3960]
  0x000001deea0784f0 ConcurrentGCThread "G1 Service" [stack: 0x000000148c100000,0x000000148c200000] [id=7500]

Threads with active compile tasks:
C1 CompilerThread0    11137  427       3       java.net.URLStreamHandler::parseURL (1201 bytes)

VM state: not at safepoint (normal execution)

VM Mutex/Monitor currently owned by a thread: None

Heap address: 0x00000000c3a00000, size: 966 MB, Compressed Oops mode: 32-bit

CDS archive(s) mapped at: [0x000001de8f000000-0x000001de8fbd0000-0x000001de8fbd0000), size 12386304, SharedBaseAddress: 0x000001de8f000000, ArchiveRelocationMode: 1.
Compressed class space mapped at: 0x000001de90000000-0x000001ded0000000, reserved size: 1073741824
Narrow klass base: 0x000001de8f000000, Narrow klass shift: 0, Narrow klass range: 0x100000000

GC Precious Log:
 CPUs: 4 total, 4 available
 Memory: 3863M
 Large Page Support: Disabled
 NUMA Support: Disabled
 Compressed Oops: Enabled (32-bit)
 Heap Region Size: 1M
 Heap Min Capacity: 8M
 Heap Initial Capacity: 62M
 Heap Max Capacity: 966M
 Pre-touch: Disabled
 Parallel Workers: 4
 Concurrent Workers: 1
 Concurrent Refinement Workers: 4
 Periodic GC: Disabled

Heap:
 garbage-first heap   total 63488K, used 9216K [0x00000000c3a00000, 0x0000000100000000)
  region size 1024K, 10 young (10240K), 0 survivors (0K)
 Metaspace       used 2839K, committed 2944K, reserved 1114112K
  class space    used 232K, committed 256K, reserved 1048576K

Heap Regions: E=young(eden), S=young(survivor), O=old, HS=humongous(starts), HC=humongous(continues), CS=collection set, F=free, OA=open archive, CA=closed archive, TAMS=top-at-mark-start (previous, next)
|   0|0x00000000c3a00000, 0x00000000c3a00000, 0x00000000c3b00000|  0%| F|  |TAMS 0x00000000c3a00000, 0x00000000c3a00000| Untracked 
|   1|0x00000000c3b00000, 0x00000000c3b00000, 0x00000000c3c00000|  0%| F|  |TAMS 0x00000000c3b00000, 0x00000000c3b00000| Untracked 
|   2|0x00000000c3c00000, 0x00000000c3c00000, 0x00000000c3d00000|  0%| F|  |TAMS 0x00000000c3c00000, 0x00000000c3c00000| Untracked 
|   3|0x00000000c3d00000, 0x00000000c3d00000, 0x00000000c3e00000|  0%| F|  |TAMS 0x00000000c3d00000, 0x00000000c3d00000| Untracked 
|   4|0x00000000c3e00000, 0x00000000c3e00000, 0x00000000c3f00000|  0%| F|  |TAMS 0x00000000c3e00000, 0x00000000c3e00000| Untracked 
|   5|0x00000000c3f00000, 0x00000000c3f00000, 0x00000000c4000000|  0%| F|  |TAMS 0x00000000c3f00000, 0x00000000c3f00000| Untracked 
|   6|0x00000000c4000000, 0x00000000c4000000, 0x00000000c4100000|  0%| F|  |TAMS 0x00000000c4000000, 0x00000000c4000000| Untracked 
|   7|0x00000000c4100000, 0x00000000c4100000, 0x00000000c4200000|  0%| F|  |TAMS 0x00000000c4100000, 0x00000000c4100000| Untracked 
|   8|0x00000000c4200000, 0x00000000c4200000, 0x00000000c4300000|  0%| F|  |TAMS 0x00000000c4200000, 0x00000000c4200000| Untracked 
|   9|0x00000000c4300000, 0x00000000c4300000, 0x00000000c4400000|  0%| F|  |TAMS 0x00000000c4300000, 0x00000000c4300000| Untracked 
|  10|0x00000000c4400000, 0x00000000c4400000, 0x00000000c4500000|  0%| F|  |TAMS 0x00000000c4400000, 0x00000000c4400000| Untracked 
|  11|0x00000000c4500000, 0x00000000c4500000, 0x00000000c4600000|  0%| F|  |TAMS 0x00000000c4500000, 0x00000000c4500000| Untracked 
|  12|0x00000000c4600000, 0x00000000c4600000, 0x00000000c4700000|  0%| F|  |TAMS 0x00000000c4600000, 0x00000000c4600000| Untracked 
|  13|0x00000000c4700000, 0x00000000c4700000, 0x00000000c4800000|  0%| F|  |TAMS 0x00000000c4700000, 0x00000000c4700000| Untracked 
|  14|0x00000000c4800000, 0x00000000c4800000, 0x00000000c4900000|  0%| F|  |TAMS 0x00000000c4800000, 0x00000000c4800000| Untracked 
|  15|0x00000000c4900000, 0x00000000c4900000, 0x00000000c4a00000|  0%| F|  |TAMS 0x00000000c4900000, 0x00000000c4900000| Untracked 
|  16|0x00000000c4a00000, 0x00000000c4a00000, 0x00000000c4b00000|  0%| F|  |TAMS 0x00000000c4a00000, 0x00000000c4a00000| Untracked 
|  17|0x00000000c4b00000, 0x00000000c4b00000, 0x00000000c4c00000|  0%| F|  |TAMS 0x00000000c4b00000, 0x00000000c4b00000| Untracked 
|  18|0x00000000c4c00000, 0x00000000c4c00000, 0x00000000c4d00000|  0%| F|  |TAMS 0x00000000c4c00000, 0x00000000c4c00000| Untracked 
|  19|0x00000000c4d00000, 0x00000000c4d00000, 0x00000000c4e00000|  0%| F|  |TAMS 0x00000000c4d00000, 0x00000000c4d00000| Untracked 
|  20|0x00000000c4e00000, 0x00000000c4e00000, 0x00000000c4f00000|  0%| F|  |TAMS 0x00000000c4e00000, 0x00000000c4e00000| Untracked 
|  21|0x00000000c4f00000, 0x00000000c4f00000, 0x00000000c5000000|  0%| F|  |TAMS 0x00000000c4f00000, 0x00000000c4f00000| Untracked 
|  22|0x00000000c5000000, 0x00000000c5000000, 0x00000000c5100000|  0%| F|  |TAMS 0x00000000c5000000, 0x00000000c5000000| Untracked 
|  23|0x00000000c5100000, 0x00000000c5100000, 0x00000000c5200000|  0%| F|  |TAMS 0x00000000c5100000, 0x00000000c5100000| Untracked 
|  24|0x00000000c5200000, 0x00000000c5200000, 0x00000000c5300000|  0%| F|  |TAMS 0x00000000c5200000, 0x00000000c5200000| Untracked 
|  25|0x00000000c5300000, 0x00000000c5300000, 0x00000000c5400000|  0%| F|  |TAMS 0x00000000c5300000, 0x00000000c5300000| Untracked 
|  26|0x00000000c5400000, 0x00000000c5400000, 0x00000000c5500000|  0%| F|  |TAMS 0x00000000c5400000, 0x00000000c5400000| Untracked 
|  27|0x00000000c5500000, 0x00000000c5500000, 0x00000000c5600000|  0%| F|  |TAMS 0x00000000c5500000, 0x00000000c5500000| Untracked 
|  28|0x00000000c5600000, 0x00000000c5600000, 0x00000000c5700000|  0%| F|  |TAMS 0x00000000c5600000, 0x00000000c5600000| Untracked 
|  29|0x00000000c5700000, 0x00000000c5700000, 0x00000000c5800000|  0%| F|  |TAMS 0x00000000c5700000, 0x00000000c5700000| Untracked 
|  30|0x00000000c5800000, 0x00000000c5800000, 0x00000000c5900000|  0%| F|  |TAMS 0x00000000c5800000, 0x00000000c5800000| Untracked 
|  31|0x00000000c5900000, 0x00000000c5900000, 0x00000000c5a00000|  0%| F|  |TAMS 0x00000000c5900000, 0x00000000c5900000| Untracked 
|  32|0x00000000c5a00000, 0x00000000c5a00000, 0x00000000c5b00000|  0%| F|  |TAMS 0x00000000c5a00000, 0x00000000c5a00000| Untracked 
|  33|0x00000000c5b00000, 0x00000000c5b00000, 0x00000000c5c00000|  0%| F|  |TAMS 0x00000000c5b00000, 0x00000000c5b00000| Untracked 
|  34|0x00000000c5c00000, 0x00000000c5c00000, 0x00000000c5d00000|  0%| F|  |TAMS 0x00000000c5c00000, 0x00000000c5c00000| Untracked 
|  35|0x00000000c5d00000, 0x00000000c5d00000, 0x00000000c5e00000|  0%| F|  |TAMS 0x00000000c5d00000, 0x00000000c5d00000| Untracked 
|  36|0x00000000c5e00000, 0x00000000c5e00000, 0x00000000c5f00000|  0%| F|  |TAMS 0x00000000c5e00000, 0x00000000c5e00000| Untracked 
|  37|0x00000000c5f00000, 0x00000000c5f00000, 0x00000000c6000000|  0%| F|  |TAMS 0x00000000c5f00000, 0x00000000c5f00000| Untracked 
|  38|0x00000000c6000000, 0x00000000c6000000, 0x00000000c6100000|  0%| F|  |TAMS 0x00000000c6000000, 0x00000000c6000000| Untracked 
|  39|0x00000000c6100000, 0x00000000c6100000, 0x00000000c6200000|  0%| F|  |TAMS 0x00000000c6100000, 0x00000000c6100000| Untracked 
|  40|0x00000000c6200000, 0x00000000c6200000, 0x00000000c6300000|  0%| F|  |TAMS 0x00000000c6200000, 0x00000000c6200000| Untracked 
|  41|0x00000000c6300000, 0x00000000c6300000, 0x00000000c6400000|  0%| F|  |TAMS 0x00000000c6300000, 0x00000000c6300000| Untracked 
|  42|0x00000000c6400000, 0x00000000c6400000, 0x00000000c6500000|  0%| F|  |TAMS 0x00000000c6400000, 0x00000000c6400000| Untracked 
|  43|0x00000000c6500000, 0x00000000c6500000, 0x00000000c6600000|  0%| F|  |TAMS 0x00000000c6500000, 0x00000000c6500000| Untracked 
|  44|0x00000000c6600000, 0x00000000c6600000, 0x00000000c6700000|  0%| F|  |TAMS 0x00000000c6600000, 0x00000000c6600000| Untracked 
|  45|0x00000000c6700000, 0x00000000c6700000, 0x00000000c6800000|  0%| F|  |TAMS 0x00000000c6700000, 0x00000000c6700000| Untracked 
|  46|0x00000000c6800000, 0x00000000c6800000, 0x00000000c6900000|  0%| F|  |TAMS 0x00000000c6800000, 0x00000000c6800000| Untracked 
|  47|0x00000000c6900000, 0x00000000c6900000, 0x00000000c6a00000|  0%| F|  |TAMS 0x00000000c6900000, 0x00000000c6900000| Untracked 
|  48|0x00000000c6a00000, 0x00000000c6a00000, 0x00000000c6b00000|  0%| F|  |TAMS 0x00000000c6a00000, 0x00000000c6a00000| Untracked 
|  49|0x00000000c6b00000, 0x00000000c6b00000, 0x00000000c6c00000|  0%| F|  |TAMS 0x00000000c6b00000, 0x00000000c6b00000| Untracked 
|  50|0x00000000c6c00000, 0x00000000c6c00000, 0x00000000c6d00000|  0%| F|  |TAMS 0x00000000c6c00000, 0x00000000c6c00000| Untracked 
|  51|0x00000000c6d00000, 0x00000000c6d00000, 0x00000000c6e00000|  0%| F|  |TAMS 0x00000000c6d00000, 0x00000000c6d00000| Untracked 
|  52|0x00000000c6e00000, 0x00000000c6f00000, 0x00000000c6f00000|100%| E|  |TAMS 0x00000000c6e00000, 0x00000000c6e00000| Complete 
|  53|0x00000000c6f00000, 0x00000000c7000000, 0x00000000c7000000|100%| E|CS|TAMS 0x00000000c6f00000, 0x00000000c6f00000| Complete 
|  54|0x00000000c7000000, 0x00000000c7100000, 0x00000000c7100000|100%| E|CS|TAMS 0x00000000c7000000, 0x00000000c7000000| Complete 
|  55|0x00000000c7100000, 0x00000000c7200000, 0x00000000c7200000|100%| E|CS|TAMS 0x00000000c7100000, 0x00000000c7100000| Complete 
|  56|0x00000000c7200000, 0x00000000c7300000, 0x00000000c7300000|100%| E|CS|TAMS 0x00000000c7200000, 0x00000000c7200000| Complete 
|  57|0x00000000c7300000, 0x00000000c7400000, 0x00000000c7400000|100%| E|CS|TAMS 0x00000000c7300000, 0x00000000c7300000| Complete 
|  58|0x00000000c7400000, 0x00000000c7500000, 0x00000000c7500000|100%| E|CS|TAMS 0x00000000c7400000, 0x00000000c7400000| Complete 
|  59|0x00000000c7500000, 0x00000000c7600000, 0x00000000c7600000|100%| E|CS|TAMS 0x00000000c7500000, 0x00000000c7500000| Complete 
|  60|0x00000000c7600000, 0x00000000c7700000, 0x00000000c7700000|100%| E|CS|TAMS 0x00000000c7600000, 0x00000000c7600000| Complete 
|  61|0x00000000c7700000, 0x00000000c7800000, 0x00000000c7800000|100%| E|CS|TAMS 0x00000000c7700000, 0x00000000c7700000| Complete 

Card table byte_map: [0x000001def1a80000,0x000001def1c70000] _byte_map_base: 0x000001def1463000

Marking Bits (Prev, Next): (CMBitMap*) 0x000001deea031680, (CMBitMap*) 0x000001deea0316c0
 Prev Bits: [0x000001def1e60000, 0x000001def2d78000)
 Next Bits: [0x000001def2d80000, 0x000001def3c98000)

Polling page: 0x000001dee7ec0000

Metaspace:

Usage:
  Non-class:      2.57 MB used.
      Class:    239.56 KB used.
       Both:      2.81 MB used.

Virtual space:
  Non-class space:       64.00 MB reserved,       2.62 MB (  4%) committed,  1 nodes.
      Class space:        1.00 GB reserved,     256.00 KB ( <1%) committed,  1 nodes.
             Both:        1.06 GB reserved,       2.88 MB ( <1%) committed. 

Chunk freelists:
   Non-Class:  10.22 MB
       Class:  15.56 MB
        Both:  25.78 MB

MaxMetaspaceSize: unlimited
CompressedClassSpaceSize: 1.00 GB
Initial GC threshold: 21.00 MB
Current GC threshold: 21.00 MB
CDS: on
MetaspaceReclaimPolicy: balanced
 - commit_granule_bytes: 65536.
 - commit_granule_words: 8192.
 - virtual_space_node_default_size: 8388608.
 - enlarge_chunks_in_place: 1.
 - new_chunks_are_fully_committed: 0.
 - uncommit_free_chunks: 1.
 - use_allocation_guard: 0.
 - handle_deallocations: 1.


Internal statistics:

num_allocs_failed_limit: 0.
num_arena_births: 8.
num_arena_deaths: 0.
num_vsnodes_births: 2.
num_vsnodes_deaths: 0.
num_space_committed: 46.
num_space_uncommitted: 0.
num_chunks_returned_to_freelist: 0.
num_chunks_taken_from_freelist: 80.
num_chunk_merges: 0.
num_chunk_splits: 72.
num_chunks_enlarged: 66.
num_purges: 0.
num_inconsistent_stats: 0.

CodeHeap 'non-profiled nmethods': size=120000Kb used=117Kb max_used=117Kb free=119882Kb
 bounds [0x000001de87ad0000, 0x000001de87d40000, 0x000001de8f000000]
CodeHeap 'profiled nmethods': size=120000Kb used=665Kb max_used=665Kb free=119334Kb
 bounds [0x000001de80000000, 0x000001de80270000, 0x000001de87530000]
CodeHeap 'non-nmethods': size=5760Kb used=1148Kb max_used=1163Kb free=4611Kb
 bounds [0x000001de87530000, 0x000001de877a0000, 0x000001de87ad0000]
 total_blobs=852 nmethods=430 adapters=335
 compilation: enabled
              stopped_count=0, restarted_count=0
 full_count=0

Compilation events (20 events):
Event: 11.069 Thread 0x000001def6106580  419       1       java.util.zip.ZipEntry::getSize (5 bytes)
Event: 11.069 Thread 0x000001def6106580 nmethod 419 0x000001de87aea110 code [0x000001de87aea2a0, 0x000001de87aea378]
Event: 11.070 Thread 0x000001def6106580  420       3       java.io.InputStream::<init> (5 bytes)
Event: 11.070 Thread 0x000001def6106580 nmethod 420 0x000001de800a3910 code [0x000001de800a3aa0, 0x000001de800a3bf8]
Event: 11.071 Thread 0x000001def6106580  421       3       java.util.zip.ZipUtils::CENSIZ (9 bytes)
Event: 11.071 Thread 0x000001def6106580 nmethod 421 0x000001de800a3c90 code [0x000001de800a3e40, 0x000001de800a4118]
Event: 11.072 Thread 0x000001def61025e0 nmethod 410 0x000001de87aea410 code [0x000001de87aea5a0, 0x000001de87aeaa98]
Event: 11.072 Thread 0x000001def61025e0  418       4       java.lang.String::substring (58 bytes)
Event: 11.073 Thread 0x000001def6106580  422       3       jdk.internal.access.SharedSecrets::javaUtilJarAccess (19 bytes)
Event: 11.074 Thread 0x000001def6106580 nmethod 422 0x000001de800a4290 code [0x000001de800a4480, 0x000001de800a4848]
Event: 11.074 Thread 0x000001def6106580  423       3       java.util.LinkedHashMap::get (29 bytes)
Event: 11.074 Thread 0x000001def6106580 nmethod 423 0x000001de800a4a10 code [0x000001de800a4bc0, 0x000001de800a4e18]
Event: 11.076 Thread 0x000001def61025e0 nmethod 418 0x000001de87aead10 code [0x000001de87aeaea0, 0x000001de87aeb418]
Event: 11.076 Thread 0x000001def61025e0  424       4       java.lang.String::startsWith (138 bytes)
Event: 11.076 Thread 0x000001def6106580  425       3       java.security.CodeSource::getCertificates (98 bytes)
Event: 11.077 Thread 0x000001def6106580 nmethod 425 0x000001de800a4f10 code [0x000001de800a5180, 0x000001de800a5d18]
Event: 11.078 Thread 0x000001def6106580  426       3       sun.net.www.protocol.file.Handler::parseURL (18 bytes)
Event: 11.079 Thread 0x000001def6106580 nmethod 426 0x000001de800a6010 code [0x000001de800a61c0, 0x000001de800a6378]
Event: 11.079 Thread 0x000001def6106580  427       3       java.net.URLStreamHandler::parseURL (1201 bytes)
Event: 11.081 Thread 0x000001def61025e0 nmethod 424 0x000001de87aeb690 code [0x000001de87aeb820, 0x000001de87aebb18]

GC Heap History (0 events):
No events

Deoptimization events (2 events):
Event: 11.064 Thread 0x000001dee9ff5360 DEOPT PACKING pc=0x000001de800418e5 sp=0x000000148bcf8ac0
Event: 11.064 Thread 0x000001dee9ff5360 DEOPT UNPACKING pc=0x000001de875866e3 sp=0x000000148bcf7f10 mode 0

Classes unloaded (0 events):
No events

Classes redefined (0 events):
No events

Internal exceptions (0 events):
No events

VM Operations (4 events):
Event: 0.106 Executing VM operation: HandshakeAllThreads
Event: 0.106 Executing VM operation: HandshakeAllThreads done
Event: 1.107 Executing VM operation: Cleanup
Event: 1.107 Executing VM operation: Cleanup done

Events (20 events):
Event: 11.013 loading class java/lang/SecurityException
Event: 11.013 loading class java/lang/SecurityException done
Event: 11.021 loading class java/beans/Transient
Event: 11.021 loading class java/beans/Transient done
Event: 11.021 loading class java/beans/ConstructorProperties
Event: 11.021 loading class java/beans/ConstructorProperties done
Event: 11.034 loading class java/text/ParseException
Event: 11.034 loading class java/text/ParseException done
Event: 11.036 loading class sun/util/calendar/ZoneInfoFile$Checksum
Event: 11.036 loading class sun/util/calendar/ZoneInfoFile$Checksum done
Event: 11.058 loading class sun/text/resources/cldr/FormatData_en
Event: 11.058 loading class sun/text/resources/cldr/FormatData_en done
Event: 11.058 loading class sun/text/resources/cldr/FormatData_en_US
Event: 11.058 loading class sun/text/resources/cldr/FormatData_en_US done
Event: 11.074 loading class java/lang/UnsupportedOperationException
Event: 11.074 loading class java/lang/UnsupportedOperationException done
Event: 11.076 loading class java/io/CharArrayReader
Event: 11.077 loading class java/io/CharArrayReader done
Event: 11.077 loading class java/io/StringReader
Event: 11.077 loading class java/io/StringReader done


Dynamic libraries:
0x00007ff75e180000 - 0x00007ff75e190000 	C:\Program Files\Java\jdk-17\bin\java.exe
0x00007ff916dd0000 - 0x00007ff916fe6000 	C:\WINDOWS\SYSTEM32\ntdll.dll
0x00007ff9158f0000 - 0x00007ff9159b4000 	C:\WINDOWS\System32\KERNEL32.DLL
0x00007ff914110000 - 0x00007ff9144b6000 	C:\WINDOWS\System32\KERNELBASE.dll
0x00007ff914750000 - 0x00007ff914861000 	C:\WINDOWS\System32\ucrtbase.dll
0x00007ff90bdb0000 - 0x00007ff90bdc9000 	C:\Program Files\Java\jdk-17\bin\jli.dll
0x00007ff907e20000 - 0x00007ff907e3b000 	C:\Program Files\Java\jdk-17\bin\VCRUNTIME140.dll
0x00007ff9164f0000 - 0x00007ff9165a2000 	C:\WINDOWS\System32\ADVAPI32.dll
0x00007ff915840000 - 0x00007ff9158e7000 	C:\WINDOWS\System32\msvcrt.dll
0x00007ff915790000 - 0x00007ff915838000 	C:\WINDOWS\System32\sechost.dll
0x00007ff9144c0000 - 0x00007ff9144e8000 	C:\WINDOWS\System32\bcrypt.dll
0x00007ff915620000 - 0x00007ff915735000 	C:\WINDOWS\System32\RPCRT4.dll
0x00007ff915a70000 - 0x00007ff915c1d000 	C:\WINDOWS\System32\USER32.dll
0x00007ff9149d0000 - 0x00007ff9149f6000 	C:\WINDOWS\System32\win32u.dll
0x00007ff916460000 - 0x00007ff916489000 	C:\WINDOWS\System32\GDI32.dll
0x00007ff914a00000 - 0x00007ff914b18000 	C:\WINDOWS\System32\gdi32full.dll
0x00007ff914870000 - 0x00007ff91490a000 	C:\WINDOWS\System32\msvcp_win.dll
0x00007ff8f8830000 - 0x00007ff8f8ac3000 	C:\WINDOWS\WinSxS\amd64_microsoft.windows.common-controls_6595b64144ccf1df_6.0.22621.3235_none_270f74e173860f98\COMCTL32.dll
0x00007ff90c8c0000 - 0x00007ff90c8ca000 	C:\WINDOWS\SYSTEM32\VERSION.dll
0x00007ff9164b0000 - 0x00007ff9164e1000 	C:\WINDOWS\System32\IMM32.DLL
0x00007ff90bd30000 - 0x00007ff90bd3c000 	C:\Program Files\Java\jdk-17\bin\vcruntime140_1.dll
0x00007ff8e8ee0000 - 0x00007ff8e8f6e000 	C:\Program Files\Java\jdk-17\bin\msvcp140.dll
0x00007ff8cf7f0000 - 0x00007ff8d03ce000 	C:\Program Files\Java\jdk-17\bin\server\jvm.dll
0x00007ff916850000 - 0x00007ff916858000 	C:\WINDOWS\System32\PSAPI.DLL
0x00007ff8f1430000 - 0x00007ff8f1439000 	C:\WINDOWS\SYSTEM32\WSOCK32.dll
0x00007ff90d180000 - 0x00007ff90d1b4000 	C:\WINDOWS\SYSTEM32\WINMM.dll
0x00007ff914b20000 - 0x00007ff914b91000 	C:\WINDOWS\System32\WS2_32.dll
0x00007ff913110000 - 0x00007ff913128000 	C:\WINDOWS\SYSTEM32\kernel.appcore.dll
0x00007ff90b060000 - 0x00007ff90b06a000 	C:\Program Files\Java\jdk-17\bin\jimage.dll
0x00007ff911950000 - 0x00007ff911b83000 	C:\WINDOWS\SYSTEM32\DBGHELP.DLL
0x00007ff9168c0000 - 0x00007ff916c48000 	C:\WINDOWS\System32\combase.dll
0x00007ff916770000 - 0x00007ff916847000 	C:\WINDOWS\System32\OLEAUT32.dll
0x00007ff90b670000 - 0x00007ff90b6a2000 	C:\WINDOWS\SYSTEM32\dbgcore.DLL
0x00007ff9144f0000 - 0x00007ff91456a000 	C:\WINDOWS\System32\bcryptPrimitives.dll
0x00007ff906cd0000 - 0x00007ff906cf5000 	C:\Program Files\Java\jdk-17\bin\java.dll
0x00007ff8cf710000 - 0x00007ff8cf7e7000 	C:\Program Files\Java\jdk-17\bin\jsvml.dll
0x00007ff914dc0000 - 0x00007ff91561d000 	C:\WINDOWS\System32\SHELL32.dll
0x00007ff912020000 - 0x00007ff912918000 	C:\WINDOWS\SYSTEM32\windows.storage.dll
0x00007ff911ee0000 - 0x00007ff91201e000 	C:\WINDOWS\SYSTEM32\wintypes.dll
0x00007ff9161a0000 - 0x00007ff916293000 	C:\WINDOWS\System32\SHCORE.dll
0x00007ff916860000 - 0x00007ff9168be000 	C:\WINDOWS\System32\shlwapi.dll
0x00007ff914040000 - 0x00007ff914066000 	C:\WINDOWS\SYSTEM32\profapi.dll
0x00007ff907e00000 - 0x00007ff907e19000 	C:\Program Files\Java\jdk-17\bin\net.dll
0x00007ff90e300000 - 0x00007ff90e437000 	C:\WINDOWS\SYSTEM32\WINHTTP.dll
0x00007ff913590000 - 0x00007ff9135f9000 	C:\WINDOWS\system32\mswsock.dll
0x00007ff8ee6d0000 - 0x00007ff8ee6e6000 	C:\Program Files\Java\jdk-17\bin\nio.dll
0x00007ff8ee6b0000 - 0x00007ff8ee6c8000 	C:\Program Files\Java\jdk-17\bin\zip.dll

dbghelp: loaded successfully - version: 4.0.5 - missing functions: none
symbol engine: initialized successfully - sym options: 0x614 - pdb path: .;C:\Program Files\Java\jdk-17\bin;C:\WINDOWS\SYSTEM32;C:\WINDOWS\WinSxS\amd64_microsoft.windows.common-controls_6595b64144ccf1df_6.0.22621.3235_none_270f74e173860f98;C:\Program Files\Java\jdk-17\bin\server

VM Arguments:
java_command: com.mycompany.jsondiff.Principal
java_class_path (initial): C:\Users\leand\OneDrive\Documentos\NetBeansProjects\jsondiff\target\classes;C:\Users\leand\.m2\repository\com\jayway\jsonpath\json-path\2.7.0\json-path-2.7.0.jar;C:\Users\leand\.m2\repository\net\minidev\json-smart\2.4.7\json-smart-2.4.7.jar;C:\Users\leand\.m2\repository\net\minidev\accessors-smart\2.4.7\accessors-smart-2.4.7.jar;C:\Users\leand\.m2\repository\org\ow2\asm\asm\9.1\asm-9.1.jar;C:\Users\leand\.m2\repository\org\slf4j\slf4j-api\1.7.33\slf4j-api-1.7.33.jar;C:\Users\leand\.m2\repository\com\fasterxml\jackson\core\jackson-databind\2.13.3\jackson-databind-2.13.3.jar;C:\Users\leand\.m2\repository\com\fasterxml\jackson\core\jackson-annotations\2.13.3\jackson-annotations-2.13.3.jar;C:\Users\leand\.m2\repository\com\fasterxml\jackson\core\jackson-core\2.13.3\jackson-core-2.13.3.jar;C:\Users\leand\.m2\repository\com\flipkart\zjsonpatch\zjsonpatch\0.4.14\zjsonpatch-0.4.14.jar;C:\Users\leand\.m2\repository\org\apache\commons\commons-collections4\4.1\commons-collections4-4.1.jar;C:\Users\leand\.m2\repository\org\json\json\20230618\json-20230618.jar;C:\Users\leand\.m2\repository\org\neo4j\driver\neo4j-java-driver\5.12.0\neo4j-java-driver-5.12.0.jar;C:\Users\leand\.m2\repository\org\reactivestreams\reactive-streams\1.0.4\reactive-streams-1.0.4.jar;C:\Users\leand\.m2\repository\io\netty\netty-handler\4.1.97.Final\netty-handler-4.1.97.Final.jar;C:\Users\leand\.m2\repository\io\netty\netty-common\4.1.97.Final\netty-common-4.1.97.Final.jar;C:\Users\leand\.m2\repository\io\netty\netty-resolver\4.1.97.Final\netty-resolver-4.1.97.Final.jar;C:\Users\leand\.m2\repository\io\netty\netty-buffer\4.1.97.Final\netty-buffer-4.1.97.Final.jar;C:\Users\leand\.m2\repository\io\netty\netty-transport\4.1.97.Final\netty-transport-4.1.97.Final.jar;C:\Users\leand\.m2\repository\io\netty\netty-transport-native-unix-common\4.1.97.Final\netty-transport-native-unix-common-4.1.97.Final.jar;C:\Users\leand\.m2\repository\io\netty\netty-codec\4.1.97.Final\netty-codec-4.1
Launcher Type: SUN_STANDARD

[Global flags]
     intx CICompilerCount                          = 3                                         {product} {ergonomic}
     uint ConcGCThreads                            = 1                                         {product} {ergonomic}
     uint G1ConcRefinementThreads                  = 4                                         {product} {ergonomic}
   size_t G1HeapRegionSize                         = 1048576                                   {product} {ergonomic}
    uintx GCDrainStackTargetSize                   = 64                                        {product} {ergonomic}
   size_t InitialHeapSize                          = 65011712                                  {product} {ergonomic}
   size_t MarkStackSize                            = 4194304                                   {product} {ergonomic}
   size_t MaxHeapSize                              = 1012924416                                {product} {ergonomic}
   size_t MaxNewSize                               = 607125504                                 {product} {ergonomic}
   size_t MinHeapDeltaBytes                        = 1048576                                   {product} {ergonomic}
   size_t MinHeapSize                              = 8388608                                   {product} {ergonomic}
    uintx NonNMethodCodeHeapSize                   = 5832780                                {pd product} {ergonomic}
    uintx NonProfiledCodeHeapSize                  = 122912730                              {pd product} {ergonomic}
    uintx ProfiledCodeHeapSize                     = 122912730                              {pd product} {ergonomic}
    uintx ReservedCodeCacheSize                    = 251658240                              {pd product} {ergonomic}
     bool SegmentedCodeCache                       = true                                      {product} {ergonomic}
   size_t SoftMaxHeapSize                          = 1012924416                             {manageable} {ergonomic}
     bool UseCompressedClassPointers               = true                           {product lp64_product} {ergonomic}
     bool UseCompressedOops                        = true                           {product lp64_product} {ergonomic}
     bool UseG1GC                                  = true                                      {product} {ergonomic}
     bool UseLargePagesIndividualAllocation        = false                                  {pd product} {ergonomic}

Logging:
Log output configuration:
 #0: stdout all=warning uptime,level,tags
 #1: stderr all=off uptime,level,tags

Environment Variables:
JAVA_HOME=C:\Program Files\Java\jdk-17
PATH=C:\WINDOWS\system32;C:\WINDOWS;C:\WINDOWS\System32\Wbem;C:\WINDOWS\System32\WindowsPowerShell\v1.0\;C:\WINDOWS\System32\OpenSSH\;C:\Program Files\dotnet\;C:\Program Files\Java\jdk-17\bin;C:\Program Files\nodejs\;C:\Users\leand\AppData\Local\Microsoft\WindowsApps;C:\Users\leand\AppData\Local\Programs\Microsoft VS Code\bin;C:\Users\leand\AppData\Roaming\npm
USERNAME=leand
OS=Windows_NT
PROCESSOR_IDENTIFIER=Intel64 Family 6 Model 126 Stepping 5, GenuineIntel



---------------  S Y S T E M  ---------------

OS:
 Windows 11 , 64 bit Build 22621 (10.0.22621.3235)
OS uptime: 8 days 5:04 hours
Hyper-V role detected

CPU: total 4 (initial active 4) (2 cores per cpu, 2 threads per core) family 6 model 126 stepping 5 microcode 0xc2, cx8, cmov, fxsr, ht, mmx, 3dnowpref, sse, sse2, sse3, ssse3, sse4.1, sse4.2, popcnt, lzcnt, tsc, tscinvbit, avx, avx2, aes, erms, clmul, bmi1, bmi2, adx, avx512f, avx512dq, avx512cd, avx512bw, avx512vl, sha, fma, vzeroupper, avx512_vpopcntdq, avx512_vpclmulqdq, avx512_vaes, avx512_vnni, clflush, clflushopt, avx512_vbmi2, avx512_vbmi, hv

Memory: 4k page, system-wide physical 3863M (212M free)
TotalPageFile size 15639M (AvailPageFile size 0M)
current process WorkingSet (physical memory assigned to process): 51M, peak: 51M
current process commit charge ("private bytes"): 140M, peak: 140M

vm_info: Java HotSpot(TM) 64-Bit Server VM (17.0.8+9-LTS-211) for windows-amd64 JRE (17.0.8+9-LTS-211), built on Jun 14 2023 10:34:31 by "mach5one" with MS VC++ 17.1 (VS2022)

END.
